<?xml version="1.0" encoding="UTF-8"?>
<!-- Generated by org.testng.reporters.JUnitReportReporter -->
<testsuite hostname="DESKTOP-7SIHQCV" failures="0" tests="1" name="nopCommerceTest.ValidateSuccessFullOrder" time="15.228" errors="0" timestamp="2022-12-04T20:12:09 IST" skipped="0">
  <testcase classname="nopCommerceTest.ValidateSuccessFullOrder" name="f" time="15.228"/>
  <system-out>
    <![CDATA[getting text
reading value ofresultfrom property file
getting text
taking screenshot]]>
  </system-out>
</testsuite> <!-- nopCommerceTest.ValidateSuccessFullOrder -->
