<?xml version="1.0" encoding="UTF-8"?>
<!-- Generated by org.testng.reporters.JUnitReportReporter -->
<testsuite hostname="DESKTOP-7SIHQCV" failures="0" tests="1" name="nopCommerceTest.ValidateRegisterUsingPropertyFile" time="0.011" errors="0" timestamp="2022-12-03T21:20:57 IST" skipped="0">
  <testcase classname="nopCommerceTest.ValidateRegisterUsingPropertyFile" name="f" time="0.011"/>
  <system-out/>
</testsuite> <!-- nopCommerceTest.ValidateRegisterUsingPropertyFile -->
